<?xml version="1.0" encoding="UTF-8"?>
<testng-results ignored="0" total="2" passed="2" failed="0" skipped="0">
  <reporter-output>
  </reporter-output>
  <suite started-at="2024-10-01T17:16:59 IST" name="Suite" finished-at="2024-10-01T17:17:27 IST" duration-ms="27370">
    <groups>
      <group name="Master">
        <method signature="AccountRegistrationTest.verify_account_Registration()[pri:0, instance:testCases.AccountRegistrationTest@7bedc48a]" name="verify_account_Registration" class="testCases.AccountRegistrationTest"/>
        <method signature="LoginTest.verify_login()[pri:0, instance:testCases.LoginTest@70325e14]" name="verify_login" class="testCases.LoginTest"/>
      </group> <!-- Master -->
      <group name="Sanity">
        <method signature="LoginTest.verify_login()[pri:0, instance:testCases.LoginTest@70325e14]" name="verify_login" class="testCases.LoginTest"/>
      </group> <!-- Sanity -->
      <group name="Regression">
        <method signature="AccountRegistrationTest.verify_account_Registration()[pri:0, instance:testCases.AccountRegistrationTest@7bedc48a]" name="verify_account_Registration" class="testCases.AccountRegistrationTest"/>
      </group> <!-- Regression -->
    </groups>
    <test started-at="2024-10-01T17:16:59 IST" name="Linux-Chrome" finished-at="2024-10-01T17:17:27 IST" duration-ms="27370">
      <class name="testCases.LoginTest">
        <test-method is-config="true" signature="setup(java.lang.String,java.lang.String)[pri:0, instance:testCases.LoginTest@70325e14]" started-at="2024-10-01T17:17:10 IST" name="setup" finished-at="2024-10-01T17:17:15 IST" duration-ms="5451" status="PASS">
          <params>
            <param index="0">
              <value>
                <![CDATA[Linux]]>
              </value>
            </param>
            <param index="1">
              <value>
                <![CDATA[chrome]]>
              </value>
            </param>
          </params>
          <reporter-output>
          </reporter-output>
        </test-method> <!-- setup -->
        <test-method signature="verify_login()[pri:0, instance:testCases.LoginTest@70325e14]" started-at="2024-10-01T17:17:15 IST" name="verify_login" finished-at="2024-10-01T17:17:26 IST" duration-ms="11231" status="PASS">
          <reporter-output>
          </reporter-output>
        </test-method> <!-- verify_login -->
        <test-method is-config="true" signature="teardown()[pri:0, instance:testCases.LoginTest@70325e14]" started-at="2024-10-01T17:17:26 IST" name="teardown" finished-at="2024-10-01T17:17:27 IST" duration-ms="434" status="PASS">
          <reporter-output>
          </reporter-output>
        </test-method> <!-- teardown -->
      </class> <!-- testCases.LoginTest -->
      <class name="testCases.AccountRegistrationTest">
        <test-method is-config="true" signature="setup(java.lang.String,java.lang.String)[pri:0, instance:testCases.AccountRegistrationTest@7bedc48a]" started-at="2024-10-01T17:17:00 IST" name="setup" finished-at="2024-10-01T17:17:06 IST" duration-ms="6265" status="PASS">
          <params>
            <param index="0">
              <value>
                <![CDATA[Linux]]>
              </value>
            </param>
            <param index="1">
              <value>
                <![CDATA[chrome]]>
              </value>
            </param>
          </params>
          <reporter-output>
          </reporter-output>
        </test-method> <!-- setup -->
        <test-method signature="verify_account_Registration()[pri:0, instance:testCases.AccountRegistrationTest@7bedc48a]" started-at="2024-10-01T17:17:06 IST" name="verify_account_Registration" finished-at="2024-10-01T17:17:09 IST" duration-ms="3337" status="PASS">
          <reporter-output>
          </reporter-output>
        </test-method> <!-- verify_account_Registration -->
        <test-method is-config="true" signature="teardown()[pri:0, instance:testCases.AccountRegistrationTest@7bedc48a]" started-at="2024-10-01T17:17:09 IST" name="teardown" finished-at="2024-10-01T17:17:10 IST" duration-ms="274" status="PASS">
          <reporter-output>
          </reporter-output>
        </test-method> <!-- teardown -->
      </class> <!-- testCases.AccountRegistrationTest -->
    </test> <!-- Linux-Chrome -->
  </suite> <!-- Suite -->
</testng-results>
